TN:
SF:/home/robin/Projet_C/Test_Unitaires/UTest_modele.c
FN:6,__wrap_rand
FNDA:23,__wrap_rand
FN:10,setup_joueur
FNDA:4,setup_joueur
FN:35,setup_case
FNDA:1,setup_case
FN:50,setup_map
FNDA:1,setup_map
FN:70,setup_playground
FNDA:33,setup_playground
FN:101,teardown
FNDA:39,teardown
FN:112,test_init_calque
FNDA:1,test_init_calque
FN:123,test_init_reset
FNDA:1,test_init_reset
FN:136,test_start_Sous_Marin
FNDA:1,test_start_Sous_Marin
FN:149,test_init_joueur
FNDA:1,test_init_joueur
FN:162,test_init_Case
FNDA:1,test_init_Case
FN:169,test_init_map
FNDA:1,test_init_map
FN:183,test_init_model
FNDA:1,test_init_model
FN:195,test_set_Rocher
FNDA:1,test_set_Rocher
FN:205,test_est_occupe
FNDA:1,test_est_occupe
FN:215,test_free_Carte
FNDA:1,test_free_Carte
FN:222,test_crea_archipelago
FNDA:1,test_crea_archipelago
FN:243,test_crea_antartica
FNDA:1,test_crea_antartica
FN:261,test_choix_carte_archipelago
FNDA:1,test_choix_carte_archipelago
FN:278,test_choix_carte_antartica
FNDA:1,test_choix_carte_antartica
FN:300,test_energie_up
FNDA:1,test_energie_up
FN:307,test_energie_down
FNDA:1,test_energie_down
FN:316,test_deplacement_droite
FNDA:1,test_deplacement_droite
FN:334,test_deplacement_droite_rob
FNDA:0,test_deplacement_droite_rob
FN:356,test_deplacement_haut
FNDA:1,test_deplacement_haut
FN:376,test_deplacement_bas
FNDA:1,test_deplacement_bas
FN:396,test_deplacement_gauche
FNDA:1,test_deplacement_gauche
FN:416,test_deplacement_possible
FNDA:1,test_deplacement_possible
FN:432,test_enough_energie_missile
FNDA:1,test_enough_energie_missile
FN:443,test_enough_energie_surface
FNDA:1,test_enough_energie_surface
FN:450,test_enough_energie_sonar
FNDA:2,test_enough_energie_sonar
FN:458,test_enough_energie_silence
FNDA:0,test_enough_energie_silence
FN:468,test_enough_energie_dplcmt
FNDA:1,test_enough_energie_dplcmt
FN:474,test_missile
FNDA:1,test_missile
FN:500,test_result_missile
FNDA:1,test_result_missile
FN:517,test_surface
FNDA:1,test_surface
FN:537,test_free_joueur
FNDA:1,test_free_joueur
FN:545,test_action
FNDA:1,test_action
FN:594,test_sonar
FNDA:1,test_sonar
FN:620,test_free_model
FNDA:1,test_free_model
FN:636,test_deplacementaleatoire
FNDA:1,test_deplacementaleatoire
FN:645,test_actionIA2_missile
FNDA:1,test_actionIA2_missile
FN:672,test_actionIA2_dplcmnt
FNDA:1,test_actionIA2_dplcmnt
FN:687,test_actionIA2_sonar
FNDA:1,test_actionIA2_sonar
FN:707,test_actionIA2_dplcmnt_2
FNDA:1,test_actionIA2_dplcmnt_2
FN:724,test_actionIA2_surface
FNDA:1,test_actionIA2_surface
FN:751,main
FNDA:1,main
DA:6,23
DA:7,23
DA:10,4
DA:12,4
DA:13,4
DA:14,0
DA:15,0
DA:17,4
DA:18,4
DA:19,0
DA:22,4
DA:23,4
DA:24,4
DA:25,4
DA:26,4
DA:27,4
DA:28,4
DA:29,4
DA:31,4
DA:32,4
DA:35,1
DA:37,1
DA:38,1
DA:39,0
DA:40,0
DA:43,1
DA:44,1
DA:46,1
DA:47,1
DA:50,1
DA:52,1
DA:53,1
DA:54,0
DA:55,0
DA:59,11
DA:60,110
DA:61,100
DA:66,1
DA:67,1
DA:70,33
DA:72,33
DA:73,33
DA:74,0
DA:75,0
DA:78,33
DA:79,33
DA:80,0
DA:82,33
DA:83,33
DA:84,33
DA:85,33
DA:86,33
DA:87,0
DA:89,33
DA:90,0
DA:92,33
DA:93,0
DA:95,33
DA:97,33
DA:98,33
DA:101,39
DA:102,39
DA:103,39
DA:112,1
DA:114,1
DA:115,1
DA:116,11
DA:117,110
DA:118,100
DA:121,1
DA:123,1
DA:124,1
DA:125,1
DA:127,1
DA:128,1
DA:129,1
DA:130,1
DA:131,1
DA:132,1
DA:133,1
DA:134,1
DA:136,1
DA:137,1
DA:138,1
DA:139,1
DA:141,1
DA:142,1
DA:143,1
DA:144,1
DA:145,1
DA:146,1
DA:147,1
DA:149,1
DA:150,1
DA:151,1
DA:153,1
DA:154,1
DA:155,1
DA:156,1
DA:157,1
DA:158,1
DA:159,1
DA:160,1
DA:162,1
DA:163,1
DA:164,1
DA:165,1
DA:166,1
DA:167,1
DA:169,1
DA:171,1
DA:173,11
DA:174,110
DA:175,100
DA:176,100
DA:181,1
DA:183,1
DA:184,1
DA:185,1
DA:186,1
DA:187,1
DA:195,1
DA:196,1
DA:197,1
DA:198,1
DA:199,1
DA:201,1
DA:202,1
DA:203,1
DA:205,1
DA:206,1
DA:207,1
DA:208,1
DA:209,1
DA:211,1
DA:212,1
DA:213,1
DA:215,1
DA:216,1
DA:217,1
DA:218,1
DA:219,1
DA:220,1
DA:222,1
DA:223,1
DA:224,1
DA:225,1
DA:226,1
DA:228,1
DA:229,1
DA:230,1
DA:231,1
DA:232,1
DA:233,1
DA:234,1
DA:235,1
DA:236,1
DA:238,1
DA:240,1
DA:243,1
DA:244,1
DA:245,1
DA:246,1
DA:247,1
DA:249,1
DA:250,1
DA:251,1
DA:252,1
DA:253,1
DA:254,1
DA:255,1
DA:257,1
DA:259,1
DA:261,1
DA:262,1
DA:263,1
DA:264,1
DA:265,1
DA:267,1
DA:268,1
DA:269,1
DA:270,1
DA:271,1
DA:272,1
DA:273,1
DA:274,1
DA:275,1
DA:276,1
DA:278,1
DA:279,1
DA:280,1
DA:281,1
DA:282,1
DA:284,1
DA:285,1
DA:286,1
DA:287,1
DA:288,1
DA:289,1
DA:290,1
DA:291,1
DA:300,1
DA:301,1
DA:303,1
DA:304,1
DA:305,1
DA:307,1
DA:308,1
DA:310,1
DA:311,1
DA:312,1
DA:313,1
DA:314,1
DA:316,1
DA:317,1
DA:319,1
DA:321,1
DA:322,1
DA:323,1
DA:324,1
DA:325,1
DA:326,1
DA:327,1
DA:328,1
DA:329,1
DA:330,1
DA:331,1
DA:332,1
DA:334,0
DA:336,0
DA:338,0
DA:339,0
DA:340,0
DA:341,0
DA:343,0
DA:345,0
DA:346,0
DA:347,0
DA:348,0
DA:349,0
DA:350,0
DA:351,0
DA:352,0
DA:353,0
DA:354,0
DA:356,1
DA:357,1
DA:359,1
DA:360,1
DA:362,1
DA:363,1
DA:364,1
DA:365,1
DA:366,1
DA:367,1
DA:368,1
DA:369,1
DA:370,1
DA:371,1
DA:372,1
DA:374,1
DA:376,1
DA:377,1
DA:379,1
DA:380,1
DA:382,1
DA:383,1
DA:384,1
DA:385,1
DA:386,1
DA:387,1
DA:388,1
DA:389,1
DA:390,1
DA:391,1
DA:392,1
DA:394,1
DA:396,1
DA:397,1
DA:399,1
DA:400,1
DA:402,1
DA:403,1
DA:404,1
DA:405,1
DA:406,1
DA:407,1
DA:408,1
DA:409,1
DA:410,1
DA:411,1
DA:412,1
DA:414,1
DA:416,1
DA:417,1
DA:418,1
DA:419,1
DA:420,1
DA:422,1
DA:424,1
DA:425,1
DA:426,1
DA:427,1
DA:428,1
DA:429,1
DA:430,1
DA:432,1
DA:433,1
DA:435,1
DA:436,1
DA:437,1
DA:438,1
DA:439,1
DA:440,1
DA:441,1
DA:443,1
DA:444,1
DA:446,1
DA:447,1
DA:450,2
DA:451,2
DA:452,2
DA:453,2
DA:454,2
DA:455,2
DA:456,2
DA:458,0
DA:459,0
DA:460,0
DA:461,0
DA:462,0
DA:463,0
DA:464,0
DA:466,0
DA:468,1
DA:469,1
DA:470,1
DA:471,1
DA:474,1
DA:475,1
DA:476,1
DA:477,1
DA:478,1
DA:480,1
DA:481,1
DA:482,1
DA:484,1
DA:485,1
DA:487,1
DA:488,1
DA:489,1
DA:491,1
DA:492,1
DA:493,1
DA:495,1
DA:496,1
DA:497,1
DA:498,1
DA:500,1
DA:502,1
DA:503,1
DA:504,1
DA:505,1
DA:507,1
DA:508,1
DA:510,1
DA:511,1
DA:513,1
DA:514,1
DA:515,1
DA:517,1
DA:519,1
DA:520,1
DA:521,1
DA:522,1
DA:523,1
DA:524,1
DA:526,1
DA:527,1
DA:528,1
DA:529,1
DA:530,1
DA:531,1
DA:532,1
DA:533,1
DA:534,1
DA:535,1
DA:537,1
DA:538,1
DA:539,1
DA:540,1
DA:541,1
DA:542,1
DA:543,1
DA:545,1
DA:547,1
DA:548,1
DA:549,1
DA:553,1
DA:554,1
DA:555,1
DA:557,1
DA:558,1
DA:559,1
DA:560,1
DA:561,1
DA:562,1
DA:563,1
DA:566,1
DA:567,1
DA:570,1
DA:571,1
DA:572,1
DA:575,1
DA:576,1
DA:577,1
DA:579,1
DA:580,1
DA:584,1
DA:585,1
DA:586,1
DA:588,1
DA:589,1
DA:590,1
DA:591,1
DA:594,1
DA:596,1
DA:597,1
DA:598,1
DA:599,1
DA:601,1
DA:602,1
DA:603,1
DA:604,1
DA:605,1
DA:607,1
DA:608,1
DA:609,1
DA:610,1
DA:611,1
DA:612,1
DA:620,1
DA:621,1
DA:622,1
DA:623,1
DA:624,1
DA:625,1
DA:626,1
DA:627,1
DA:636,1
DA:637,1
DA:638,1
DA:639,1
DA:640,1
DA:641,1
DA:642,1
DA:643,1
DA:645,1
DA:646,1
DA:647,1
DA:648,1
DA:649,1
DA:651,1
DA:652,1
DA:653,1
DA:654,1
DA:657,1
DA:658,1
DA:659,1
DA:660,1
DA:662,1
DA:664,1
DA:665,1
DA:666,1
DA:667,1
DA:668,1
DA:669,1
DA:672,1
DA:673,1
DA:674,1
DA:675,1
DA:676,1
DA:678,1
DA:679,1
DA:680,1
DA:681,1
DA:682,1
DA:684,1
DA:685,1
DA:687,1
DA:688,1
DA:689,1
DA:690,1
DA:691,1
DA:693,1
DA:694,1
DA:696,1
DA:697,1
DA:698,1
DA:699,1
DA:700,1
DA:702,1
DA:703,1
DA:707,1
DA:708,1
DA:709,1
DA:710,1
DA:711,1
DA:713,1
DA:714,1
DA:716,1
DA:717,1
DA:718,1
DA:719,1
DA:721,1
DA:722,1
DA:724,1
DA:726,1
DA:727,1
DA:728,1
DA:729,1
DA:731,1
DA:732,1
DA:733,1
DA:734,1
DA:736,11
DA:737,110
DA:738,100
DA:742,1
DA:743,1
DA:744,1
DA:746,1
DA:747,1
DA:751,1
DA:754,1
DA:806,1
end_of_record
