TN:
SF:/home/robin/Projet_C/Test_Unitaires/UTest_modele.c
FN:8,setup_joueur
FNDA:4,setup_joueur
FN:35,setup_case
FNDA:1,setup_case
FN:50,setup_map
FNDA:0,setup_map
FN:70,setup_playground
FNDA:23,setup_playground
FN:104,teardown
FNDA:28,teardown
FN:115,test_init_calque
FNDA:1,test_init_calque
FN:133,test_init_reset
FNDA:1,test_init_reset
FN:146,test_start_Sous_Marin
FNDA:1,test_start_Sous_Marin
FN:159,test_init_joueur
FNDA:1,test_init_joueur
FN:172,test_init_Case
FNDA:1,test_init_Case
FN:179,test_init_map
FNDA:0,test_init_map
FN:194,test_init_model
FNDA:1,test_init_model
FN:213,test_set_Rocher
FNDA:1,test_set_Rocher
FN:223,test_est_occupe
FNDA:1,test_est_occupe
FN:233,test_crea_archipelago
FNDA:1,test_crea_archipelago
FN:254,test_crea_antartica
FNDA:1,test_crea_antartica
FN:272,test_choix_carte_archipelago
FNDA:1,test_choix_carte_archipelago
FN:288,test_choix_carte_antartica
FNDA:1,test_choix_carte_antartica
FN:303,test_free_Carte
FNDA:0,test_free_Carte
FN:314,test_energie_up
FNDA:1,test_energie_up
FN:322,test_energie_down
FNDA:1,test_energie_down
FN:334,test_deplacement_droite
FNDA:1,test_deplacement_droite
FN:352,test_deplacement_droite_rob
FNDA:0,test_deplacement_droite_rob
FN:374,test_deplacement_haut
FNDA:1,test_deplacement_haut
FN:394,test_deplacement_bas
FNDA:1,test_deplacement_bas
FN:414,test_deplacement_gauche
FNDA:1,test_deplacement_gauche
FN:435,test_deplacement_possible
FNDA:1,test_deplacement_possible
FN:451,test_enough_energie_missile
FNDA:1,test_enough_energie_missile
FN:463,test_enough_energie_surface
FNDA:1,test_enough_energie_surface
FN:470,test_enough_energie_sonar
FNDA:2,test_enough_energie_sonar
FN:478,test_enough_energie_silence
FNDA:0,test_enough_energie_silence
FN:488,test_enough_energie_dplcmt
FNDA:1,test_enough_energie_dplcmt
FN:493,test_free_joueur
FNDA:0,test_free_joueur
FN:501,test_missile
FNDA:1,test_missile
FN:527,test_result_missile
FNDA:1,test_result_missile
FN:544,test_surface
FNDA:1,test_surface
FN:582,test_action
FNDA:1,test_action
FN:633,test_free_model
FNDA:0,test_free_model
FN:643,main
FNDA:1,main
DA:8,4
DA:10,4
DA:11,4
DA:12,0
DA:13,0
DA:15,4
DA:16,4
DA:17,0
DA:20,4
DA:21,4
DA:22,4
DA:23,4
DA:24,4
DA:25,4
DA:26,4
DA:27,4
DA:29,4
DA:30,4
DA:35,1
DA:37,1
DA:38,1
DA:39,0
DA:40,0
DA:43,1
DA:44,1
DA:46,1
DA:47,1
DA:50,0
DA:52,0
DA:53,0
DA:54,0
DA:55,0
DA:59,0
DA:60,0
DA:61,0
DA:66,0
DA:67,0
DA:70,23
DA:72,23
DA:73,23
DA:74,0
DA:75,0
DA:79,23
DA:80,23
DA:81,0
DA:83,23
DA:84,23
DA:85,23
DA:86,23
DA:87,23
DA:88,0
DA:90,23
DA:91,0
DA:93,23
DA:94,0
DA:96,23
DA:99,23
DA:100,23
DA:104,28
DA:105,28
DA:106,28
DA:115,1
DA:117,1
DA:118,1
DA:119,11
DA:120,110
DA:121,100
DA:124,1
DA:133,1
DA:134,1
DA:135,1
DA:137,1
DA:138,1
DA:139,1
DA:140,1
DA:141,1
DA:142,1
DA:143,1
DA:144,1
DA:146,1
DA:147,1
DA:148,1
DA:149,1
DA:151,1
DA:152,1
DA:153,1
DA:154,1
DA:155,1
DA:156,1
DA:157,1
DA:159,1
DA:160,1
DA:161,1
DA:163,1
DA:164,1
DA:165,1
DA:166,1
DA:167,1
DA:168,1
DA:169,1
DA:170,1
DA:172,1
DA:173,1
DA:174,1
DA:175,1
DA:176,1
DA:177,1
DA:179,0
DA:181,0
DA:182,0
DA:183,0
DA:192,0
DA:194,1
DA:195,1
DA:196,1
DA:204,1
DA:206,1
DA:213,1
DA:214,1
DA:215,1
DA:216,1
DA:217,1
DA:219,1
DA:220,1
DA:221,1
DA:223,1
DA:224,1
DA:225,1
DA:226,1
DA:227,1
DA:229,1
DA:230,1
DA:231,1
DA:233,1
DA:234,1
DA:235,1
DA:236,1
DA:237,1
DA:239,1
DA:240,1
DA:241,1
DA:242,1
DA:243,1
DA:244,1
DA:245,1
DA:246,1
DA:247,1
DA:249,1
DA:251,1
DA:254,1
DA:255,1
DA:256,1
DA:257,1
DA:258,1
DA:260,1
DA:261,1
DA:262,1
DA:263,1
DA:264,1
DA:265,1
DA:266,1
DA:268,1
DA:270,1
DA:272,1
DA:273,1
DA:274,1
DA:275,1
DA:276,1
DA:278,1
DA:279,1
DA:280,1
DA:281,1
DA:282,1
DA:283,1
DA:284,1
DA:285,1
DA:286,1
DA:287,1
DA:288,1
DA:289,1
DA:290,1
DA:291,1
DA:292,1
DA:294,1
DA:295,1
DA:296,1
DA:297,1
DA:298,1
DA:299,1
DA:300,1
DA:301,1
DA:303,0
DA:304,0
DA:305,0
DA:306,0
DA:307,0
DA:309,0
DA:314,1
DA:315,1
DA:318,1
DA:319,1
DA:320,1
DA:322,1
DA:323,1
DA:326,1
DA:327,1
DA:328,1
DA:329,1
DA:330,1
DA:334,1
DA:335,1
DA:337,1
DA:339,1
DA:340,1
DA:341,1
DA:342,1
DA:343,1
DA:344,1
DA:345,1
DA:346,1
DA:347,1
DA:348,1
DA:349,1
DA:350,1
DA:352,0
DA:354,0
DA:356,0
DA:357,0
DA:358,0
DA:359,0
DA:361,0
DA:363,0
DA:364,0
DA:365,0
DA:366,0
DA:367,0
DA:368,0
DA:369,0
DA:370,0
DA:371,0
DA:372,0
DA:374,1
DA:375,1
DA:377,1
DA:378,1
DA:380,1
DA:381,1
DA:382,1
DA:383,1
DA:384,1
DA:385,1
DA:386,1
DA:387,1
DA:388,1
DA:389,1
DA:390,1
DA:392,1
DA:394,1
DA:395,1
DA:397,1
DA:398,1
DA:400,1
DA:401,1
DA:402,1
DA:403,1
DA:404,1
DA:405,1
DA:406,1
DA:407,1
DA:408,1
DA:409,1
DA:410,1
DA:412,1
DA:414,1
DA:415,1
DA:417,1
DA:418,1
DA:420,1
DA:421,1
DA:422,1
DA:423,1
DA:424,1
DA:425,1
DA:426,1
DA:427,1
DA:428,1
DA:429,1
DA:430,1
DA:432,1
DA:435,1
DA:436,1
DA:437,1
DA:438,1
DA:439,1
DA:441,1
DA:442,1
DA:443,1
DA:444,1
DA:445,1
DA:447,1
DA:451,1
DA:452,1
DA:454,1
DA:455,1
DA:456,1
DA:457,1
DA:458,1
DA:459,1
DA:461,1
DA:463,1
DA:464,1
DA:466,1
DA:467,1
DA:470,2
DA:471,2
DA:472,2
DA:473,2
DA:474,2
DA:475,2
DA:476,2
DA:478,0
DA:479,0
DA:480,0
DA:481,0
DA:482,0
DA:483,0
DA:484,0
DA:486,0
DA:488,1
DA:489,1
DA:490,1
DA:491,1
DA:493,0
DA:494,0
DA:495,0
DA:496,0
DA:497,0
DA:498,0
DA:499,0
DA:501,1
DA:502,1
DA:503,1
DA:504,1
DA:505,1
DA:507,1
DA:508,1
DA:509,1
DA:511,1
DA:512,1
DA:514,1
DA:515,1
DA:516,1
DA:518,1
DA:519,1
DA:520,1
DA:522,1
DA:523,1
DA:524,1
DA:525,1
DA:527,1
DA:529,1
DA:530,1
DA:531,1
DA:532,1
DA:534,1
DA:535,1
DA:537,1
DA:538,1
DA:540,1
DA:541,1
DA:542,1
DA:544,1
DA:546,1
DA:547,1
DA:548,1
DA:549,1
DA:550,1
DA:551,1
DA:553,1
DA:554,1
DA:555,1
DA:556,1
DA:557,1
DA:558,1
DA:559,1
DA:560,1
DA:561,1
DA:562,1
DA:582,1
DA:584,1
DA:585,1
DA:586,1
DA:590,1
DA:591,1
DA:592,1
DA:594,1
DA:595,1
DA:596,1
DA:597,1
DA:598,1
DA:599,1
DA:600,1
DA:605,1
DA:606,1
DA:609,1
DA:610,1
DA:611,1
DA:614,1
DA:615,1
DA:616,1
DA:617,1
DA:621,1
DA:622,1
DA:623,1
DA:625,1
DA:626,1
DA:627,1
DA:628,1
DA:633,0
DA:634,0
DA:635,0
DA:636,0
DA:637,0
DA:638,0
DA:639,0
DA:640,0
DA:643,1
DA:646,1
DA:694,1
end_of_record
