TN:
SF:/home/robin/Projet_C/model/main_model.c
FN:13,init_model
FNDA:23,init_model
FN:38,free_model
FNDA:1,free_model
DA:13,23
DA:15,23
DA:16,23
DA:17,23
DA:18,0
DA:20,23
DA:21,23
DA:22,23
DA:23,23
DA:24,23
DA:25,0
DA:27,23
DA:28,0
DA:30,23
DA:31,0
DA:33,23
DA:34,23
DA:35,23
DA:38,1
DA:39,1
DA:40,1
DA:41,1
DA:42,1
DA:43,1
end_of_record
TN:
SF:/home/robin/Projet_C/model/joueur.c
FN:9,energie_up
FNDA:61,energie_up
FN:15,energie_down
FNDA:5,energie_down
FN:19,deplacement
FNDA:15,deplacement
FN:79,deplacement_possible
FNDA:22,deplacement_possible
FN:130,init_joueur
FNDA:113,init_joueur
FN:146,init_calque
FNDA:121,init_calque
FN:156,reset_joueur
FNDA:1,reset_joueur
FN:166,free_joueur
FNDA:3,free_joueur
FN:171,start_Sous_Marin
FNDA:31,start_Sous_Marin
FN:180,enough_energie
FNDA:14,enough_energie
FN:216,result_deplacement
FNDA:4,result_deplacement
FN:245,missile
FNDA:10,missile
FN:273,result_missile
FNDA:5,result_missile
FN:295,sonar
FNDA:4,sonar
FN:322,action
FNDA:13,action
FN:429,surface
FNDA:3,surface
DA:9,61
DA:10,61
DA:11,57
DA:13,61
DA:15,5
DA:16,5
DA:17,5
DA:19,15
DA:21,15
DA:22,12
DA:25,3
DA:27,15
DA:29,4
DA:31,4
DA:32,4
DA:33,4
DA:34,4
DA:35,4
DA:36,4
DA:37,4
DA:38,4
DA:41,3
DA:43,3
DA:44,3
DA:45,3
DA:46,3
DA:47,3
DA:48,3
DA:49,3
DA:50,3
DA:53,7
DA:55,7
DA:56,7
DA:57,7
DA:58,7
DA:59,7
DA:60,7
DA:61,7
DA:62,7
DA:65,1
DA:67,1
DA:68,1
DA:69,1
DA:70,1
DA:71,1
DA:72,1
DA:73,1
DA:74,1
DA:77,15
DA:79,22
DA:81,22
DA:82,7
DA:85,15
DA:87,22
DA:88,11
DA:90,11
DA:91,9
DA:92,8
DA:95,3
DA:97,4
DA:99,4
DA:100,4
DA:101,3
DA:104,1
DA:107,2
DA:109,2
DA:110,2
DA:111,0
DA:114,2
DA:117,5
DA:119,5
DA:120,5
DA:121,3
DA:124,2
DA:127,8
DA:130,113
DA:131,113
DA:132,113
DA:133,0
DA:135,113
DA:136,113
DA:137,113
DA:138,113
DA:139,113
DA:140,113
DA:141,113
DA:142,113
DA:143,113
DA:146,121
DA:148,1331
DA:149,13310
DA:150,12100
DA:154,121
DA:156,1
DA:157,1
DA:158,1
DA:159,1
DA:160,1
DA:161,1
DA:162,1
DA:163,1
DA:164,1
DA:166,3
DA:167,3
DA:168,3
DA:169,3
DA:171,31
DA:172,31
DA:173,31
DA:174,31
DA:175,31
DA:176,31
DA:177,31
DA:178,31
DA:180,14
DA:182,14
DA:183,12
DA:185,2
DA:187,14
DA:188,5
DA:189,5
DA:190,3
DA:192,2
DA:194,1
DA:195,1
DA:197,7
DA:198,7
DA:199,4
DA:201,3
DA:203,0
DA:204,0
DA:205,0
DA:207,0
DA:209,1
DA:210,1
DA:213,5
DA:216,4
DA:217,4
DA:218,3
DA:219,3
DA:220,3
DA:221,3
DA:225,1
DA:226,1
DA:227,1
DA:228,1
DA:231,0
DA:232,0
DA:233,0
DA:234,0
DA:237,0
DA:238,0
DA:239,0
DA:240,0
DA:243,4
DA:245,10
DA:246,10
DA:247,7
DA:248,2
DA:249,2
DA:251,5
DA:252,2
DA:253,2
DA:256,3
DA:259,3
DA:260,1
DA:261,1
DA:263,2
DA:264,1
DA:265,1
DA:268,1
DA:273,5
DA:274,5
DA:275,2
DA:276,2
DA:277,2
DA:279,2
DA:280,2
DA:281,2
DA:283,1
DA:284,1
DA:285,1
DA:287,0
DA:288,0
DA:289,0
DA:295,4
DA:296,4
DA:298,4
DA:299,3
DA:300,1
DA:301,1
DA:302,1
DA:304,2
DA:305,2
DA:306,2
DA:309,1
DA:310,0
DA:311,0
DA:312,0
DA:313,0
DA:315,0
DA:316,0
DA:317,0
DA:320,4
DA:322,13
DA:324,13
DA:325,7
DA:327,6
DA:329,13
DA:330,3
DA:332,3
DA:333,2
DA:334,2
DA:335,2
DA:337,1
DA:338,1
DA:342,2
DA:343,2
DA:344,2
DA:348,3
DA:349,3
DA:350,2
DA:351,2
DA:352,2
DA:354,1
DA:355,1
DA:360,0
DA:361,0
DA:363,0
DA:364,0
DA:366,0
DA:367,0
DA:372,5
DA:374,5
DA:375,4
DA:376,4
DA:377,3
DA:378,3
DA:380,1
DA:381,1
DA:385,1
DA:387,1
DA:388,1
DA:389,1
DA:391,0
DA:392,0
DA:396,0
DA:397,0
DA:398,0
DA:399,0
DA:401,0
DA:402,0
DA:406,0
DA:407,0
DA:408,0
DA:409,0
DA:411,0
DA:412,0
DA:416,0
DA:417,0
DA:418,0
DA:422,0
DA:423,0
DA:429,3
DA:431,3
DA:432,2
DA:434,1
DA:436,3
DA:437,3
DA:438,3
DA:439,3
DA:440,3
DA:441,3
DA:443,3
end_of_record
TN:
SF:/home/robin/Projet_C/model/carte.c
FN:9,init_Case
FNDA:5901,init_Case
FN:14,set_Rocher
FNDA:35,set_Rocher
FN:18,est_occupe
FNDA:22,est_occupe
FN:22,free_Carte
FNDA:2,free_Carte
FN:26,init_map
FNDA:58,init_map
FN:36,Crea_Archipelago
FNDA:2,Crea_Archipelago
FN:47,Crea_Antartica
FNDA:2,Crea_Antartica
FN:57,choix_carte
FNDA:2,choix_carte
DA:9,5901
DA:10,5901
DA:11,5901
DA:12,5901
DA:14,35
DA:15,35
DA:16,35
DA:18,22
DA:19,22
DA:22,2
DA:23,2
DA:24,2
DA:26,58
DA:28,638
DA:29,6380
DA:30,5800
DA:34,58
DA:36,2
DA:37,2
DA:38,2
DA:39,2
DA:40,2
DA:41,2
DA:42,2
DA:43,2
DA:44,2
DA:45,2
DA:46,2
DA:47,2
DA:48,2
DA:49,2
DA:50,2
DA:51,2
DA:52,2
DA:53,2
DA:54,2
DA:55,2
DA:57,2
DA:58,2
DA:59,2
DA:60,1
DA:62,1
DA:63,1
DA:65,2
end_of_record
TN:
SF:/home/robin/Projet_C/model/IA.c
FN:20,actionIA
FNDA:0,actionIA
FN:42,deplacementaleatoire
FNDA:1,deplacementaleatoire
FN:51,actionIA2
FNDA:6,actionIA2
DA:20,0
DA:24,0
DA:25,0
DA:26,0
DA:28,0
DA:29,0
DA:30,0
DA:31,0
DA:34,0
DA:35,0
DA:37,0
DA:38,0
DA:39,0
DA:42,1
DA:44,1
DA:45,1
DA:47,0
DA:49,1
DA:51,6
DA:54,6
DA:55,6
DA:56,6
DA:62,6
DA:63,1
DA:64,1
DA:65,1
DA:66,5
DA:67,2
DA:68,2
DA:69,0
DA:70,0
DA:71,0
DA:74,2
DA:75,0
DA:77,2
DA:78,0
DA:79,2
DA:80,0
DA:81,2
DA:82,0
DA:86,3
DA:87,3
DA:88,2
DA:90,3
DA:91,2
DA:92,1
DA:93,1
DA:95,1
DA:96,0
DA:97,1
DA:98,0
DA:99,1
DA:100,0
DA:101,1
DA:102,0
DA:105,1
DA:109,3
DA:110,0
DA:111,0
DA:112,0
DA:113,0
DA:114,0
DA:115,0
DA:116,0
DA:117,0
DA:119,0
DA:120,0
DA:121,0
DA:122,0
DA:123,0
DA:124,0
DA:125,0
DA:126,0
DA:128,0
DA:129,0
DA:130,0
DA:134,3
DA:135,0
DA:136,0
DA:137,0
DA:138,0
DA:139,0
DA:140,0
DA:142,0
DA:143,0
DA:144,0
DA:145,0
DA:146,0
DA:147,0
DA:148,0
DA:149,0
DA:150,0
DA:151,0
DA:154,0
DA:155,0
DA:156,0
DA:160,6
DA:161,6
DA:162,6
end_of_record
