TN:
SF:/home/robin/Projet_C/model/main_model.c
FN:13,init_model
FNDA:17,init_model
FN:38,free_model
FNDA:1,free_model
DA:13,17
DA:15,17
DA:16,17
DA:17,17
DA:18,0
DA:20,17
DA:21,17
DA:22,17
DA:23,17
DA:24,17
DA:25,0
DA:27,17
DA:28,0
DA:30,17
DA:31,0
DA:33,17
DA:34,17
DA:35,17
DA:38,1
DA:39,1
DA:40,1
DA:41,1
DA:42,1
DA:43,1
end_of_record
TN:
SF:/home/robin/Projet_C/model/joueur.c
FN:9,energie_up
FNDA:45,energie_up
FN:15,energie_down
FNDA:3,energie_down
FN:19,deplacement
FNDA:12,deplacement
FN:79,deplacement_possible
FNDA:7,deplacement_possible
FN:130,init_joueur
FNDA:89,init_joueur
FN:146,init_calque
FNDA:96,init_calque
FN:156,reset_joueur
FNDA:1,reset_joueur
FN:166,free_joueur
FNDA:3,free_joueur
FN:171,start_Sous_Marin
FNDA:20,start_Sous_Marin
FN:180,enough_energie
FNDA:12,enough_energie
FN:216,result_deplacement
FNDA:1,result_deplacement
FN:245,missile
FNDA:9,missile
FN:273,result_missile
FNDA:4,result_missile
FN:295,sonar
FNDA:3,sonar
FN:322,action
FNDA:7,action
FN:429,surface
FNDA:2,surface
DA:9,45
DA:10,45
DA:11,41
DA:13,45
DA:15,3
DA:16,3
DA:17,3
DA:19,12
DA:21,12
DA:22,12
DA:25,0
DA:27,12
DA:29,1
DA:31,1
DA:32,1
DA:33,1
DA:34,1
DA:35,1
DA:36,1
DA:37,1
DA:38,1
DA:41,3
DA:43,3
DA:44,3
DA:45,3
DA:46,3
DA:47,3
DA:48,3
DA:49,3
DA:50,3
DA:53,7
DA:55,7
DA:56,7
DA:57,7
DA:58,7
DA:59,7
DA:60,7
DA:61,7
DA:62,7
DA:65,1
DA:67,1
DA:68,1
DA:69,1
DA:70,1
DA:71,1
DA:72,1
DA:73,1
DA:74,1
DA:77,12
DA:79,7
DA:81,7
DA:82,7
DA:85,0
DA:87,7
DA:88,2
DA:90,2
DA:91,0
DA:92,0
DA:95,2
DA:97,3
DA:99,3
DA:100,3
DA:101,3
DA:104,0
DA:107,1
DA:109,1
DA:110,1
DA:111,0
DA:114,1
DA:117,1
DA:119,1
DA:120,1
DA:121,0
DA:124,1
DA:127,4
DA:130,89
DA:131,89
DA:132,89
DA:133,0
DA:135,89
DA:136,89
DA:137,89
DA:138,89
DA:139,89
DA:140,89
DA:141,89
DA:142,89
DA:143,89
DA:146,96
DA:148,1056
DA:149,10560
DA:150,9600
DA:154,96
DA:156,1
DA:157,1
DA:158,1
DA:159,1
DA:160,1
DA:161,1
DA:162,1
DA:163,1
DA:164,1
DA:166,3
DA:167,3
DA:168,3
DA:169,3
DA:171,20
DA:172,20
DA:173,20
DA:174,20
DA:175,20
DA:176,20
DA:177,20
DA:178,20
DA:180,12
DA:182,12
DA:183,12
DA:185,0
DA:187,12
DA:188,4
DA:189,4
DA:190,2
DA:192,2
DA:194,1
DA:195,1
DA:197,6
DA:198,6
DA:199,3
DA:201,3
DA:203,0
DA:204,0
DA:205,0
DA:207,0
DA:209,1
DA:210,1
DA:213,5
DA:216,1
DA:217,1
DA:218,0
DA:219,0
DA:220,0
DA:221,0
DA:225,1
DA:226,1
DA:227,1
DA:228,1
DA:231,0
DA:232,0
DA:233,0
DA:234,0
DA:237,0
DA:238,0
DA:239,0
DA:240,0
DA:243,1
DA:245,9
DA:246,9
DA:247,7
DA:248,2
DA:249,2
DA:251,5
DA:252,2
DA:253,2
DA:256,3
DA:259,2
DA:260,0
DA:261,0
DA:263,2
DA:264,1
DA:265,1
DA:268,1
DA:273,4
DA:274,4
DA:275,2
DA:276,2
DA:277,2
DA:279,1
DA:280,1
DA:281,1
DA:283,1
DA:284,1
DA:285,1
DA:287,0
DA:288,0
DA:289,0
DA:295,3
DA:296,3
DA:298,3
DA:299,3
DA:300,1
DA:301,1
DA:302,1
DA:304,2
DA:305,2
DA:306,2
DA:309,0
DA:310,0
DA:311,0
DA:312,0
DA:313,0
DA:315,0
DA:316,0
DA:317,0
DA:320,3
DA:322,7
DA:324,7
DA:325,7
DA:327,0
DA:329,7
DA:330,2
DA:332,2
DA:333,1
DA:334,1
DA:335,1
DA:337,1
DA:338,1
DA:342,1
DA:343,1
DA:344,1
DA:348,2
DA:349,2
DA:350,1
DA:351,1
DA:352,1
DA:354,1
DA:355,1
DA:360,0
DA:361,0
DA:363,0
DA:364,0
DA:366,0
DA:367,0
DA:372,2
DA:374,2
DA:375,1
DA:376,1
DA:377,0
DA:378,0
DA:380,1
DA:381,1
DA:385,1
DA:387,1
DA:388,1
DA:389,1
DA:391,0
DA:392,0
DA:396,0
DA:397,0
DA:398,0
DA:399,0
DA:401,0
DA:402,0
DA:406,0
DA:407,0
DA:408,0
DA:409,0
DA:411,0
DA:412,0
DA:416,0
DA:417,0
DA:418,0
DA:422,0
DA:423,0
DA:429,2
DA:431,2
DA:432,2
DA:434,0
DA:436,2
DA:437,2
DA:438,2
DA:439,2
DA:440,2
DA:441,2
DA:443,2
end_of_record
TN:
SF:/home/robin/Projet_C/model/carte.c
FN:9,init_Case
FNDA:4701,init_Case
FN:14,set_Rocher
FNDA:35,set_Rocher
FN:18,est_occupe
FNDA:7,est_occupe
FN:22,free_Carte
FNDA:2,free_Carte
FN:26,init_map
FNDA:46,init_map
FN:36,Crea_Archipelago
FNDA:2,Crea_Archipelago
FN:47,Crea_Antartica
FNDA:2,Crea_Antartica
FN:57,choix_carte
FNDA:2,choix_carte
DA:9,4701
DA:10,4701
DA:11,4701
DA:12,4701
DA:14,35
DA:15,35
DA:16,35
DA:18,7
DA:19,7
DA:22,2
DA:23,2
DA:24,2
DA:26,46
DA:28,506
DA:29,5060
DA:30,4600
DA:34,46
DA:36,2
DA:37,2
DA:38,2
DA:39,2
DA:40,2
DA:41,2
DA:42,2
DA:43,2
DA:44,2
DA:45,2
DA:46,2
DA:47,2
DA:48,2
DA:49,2
DA:50,2
DA:51,2
DA:52,2
DA:53,2
DA:54,2
DA:55,2
DA:57,2
DA:58,2
DA:59,2
DA:60,1
DA:62,1
DA:63,1
DA:65,2
end_of_record
